2025-01-25 04:16:15,387 - INFO - \u6b63\u5728\u521d\u59cb\u5316Chrome WebDriver...
2025-01-25 04:16:15,387 - INFO - ====== WebDriver manager ======
2025-01-25 04:16:16,542 - INFO - Get LATEST chromedriver version for google-chrome
2025-01-25 04:16:16,569 - INFO - Get LATEST chromedriver version for google-chrome
2025-01-25 04:16:16,593 - INFO - Driver [C:\Users\Xeon Gaming\.wdm\drivers\chromedriver\win64\132.0.6834.110\chromedriver-win32/chromedriver.exe] found in cache
2025-01-25 04:16:17,782 - INFO - WebDriver\u521d\u59cb\u5316\u6210\u529f
2025-01-25 04:16:17,783 - INFO - \u6b63\u5728\u542f\u52a8\u6d88\u606f\u540c\u6b65...
2025-01-25 04:16:17,783 - INFO - \u6b63\u5728\u68c0\u67e5\u767b\u5f55\u72b6\u6001...
2025-01-25 04:18:53,320 - INFO - \u68c0\u6d4b\u5230\u6b63\u5728\u8fd0\u884c\u7684Chrome\u5b9e\u4f8b\uff0c\u5c1d\u8bd5\u8fde\u63a5...
2025-01-25 04:18:53,320 - INFO - ====== WebDriver manager ======
2025-01-25 04:18:54,454 - INFO - Get LATEST chromedriver version for google-chrome
2025-01-25 04:18:54,484 - INFO - Get LATEST chromedriver version for google-chrome
2025-01-25 04:18:54,507 - INFO - Driver [C:\Users\Xeon Gaming\.wdm\drivers\chromedriver\win64\132.0.6834.110\chromedriver-win32/chromedriver.exe] found in cache
2025-01-25 04:18:55,038 - INFO - \u6b63\u5728\u521d\u59cb\u5316Chrome WebDriver...
2025-01-25 04:18:55,038 - INFO - ====== WebDriver manager ======
2025-01-25 04:18:56,123 - INFO - Get LATEST chromedriver version for google-chrome
2025-01-25 04:18:56,144 - INFO - Get LATEST chromedriver version for google-chrome
2025-01-25 04:18:56,163 - INFO - Driver [C:\Users\Xeon Gaming\.wdm\drivers\chromedriver\win64\132.0.6834.110\chromedriver-win32/chromedriver.exe] found in cache
2025-01-25 04:19:00,185 - INFO - WebDriver\u521d\u59cb\u5316\u6210\u529f\uff0c\u5df2\u5bfc\u822a\u5230WhatsApp Web
2025-01-25 04:19:00,185 - INFO - \u6b63\u5728\u542f\u52a8\u6d88\u606f\u540c\u6b65...
2025-01-25 04:19:00,185 - INFO - \u6b63\u5728\u68c0\u67e5\u767b\u5f55\u72b6\u6001...
2025-01-25 04:22:59,947 - INFO - \u68c0\u6d4b\u5230\u6b63\u5728\u8fd0\u884c\u7684Chrome\u5b9e\u4f8b\uff0c\u5c1d\u8bd5\u8fde\u63a5...
2025-01-25 04:22:59,948 - INFO - ====== WebDriver manager ======
2025-01-25 04:23:01,083 - INFO - Get LATEST chromedriver version for google-chrome
2025-01-25 04:23:01,110 - INFO - Get LATEST chromedriver version for google-chrome
2025-01-25 04:23:01,134 - INFO - Driver [C:\Users\Xeon Gaming\.wdm\drivers\chromedriver\win64\132.0.6834.110\chromedriver-win32/chromedriver.exe] found in cache
2025-01-25 04:23:01,671 - INFO - \u6b63\u5728\u521d\u59cb\u5316Chrome WebDriver...
2025-01-25 04:23:01,671 - INFO - ====== WebDriver manager ======
2025-01-25 04:23:02,778 - INFO - Get LATEST chromedriver version for google-chrome
2025-01-25 04:23:02,798 - INFO - Get LATEST chromedriver version for google-chrome
2025-01-25 04:23:02,820 - INFO - Driver [C:\Users\Xeon Gaming\.wdm\drivers\chromedriver\win64\132.0.6834.110\chromedriver-win32/chromedriver.exe] found in cache
2025-01-25 04:23:06,226 - INFO - WebDriver\u521d\u59cb\u5316\u6210\u529f\uff0c\u5df2\u5bfc\u822a\u5230WhatsApp Web
2025-01-25 04:23:06,227 - INFO - \u6b63\u5728\u542f\u52a8\u6d88\u606f\u540c\u6b65...
2025-01-25 04:23:06,227 - INFO - \u6b63\u5728\u68c0\u67e5\u767b\u5f55\u72b6\u6001...
2025-01-25 04:26:18,253 - ERROR - \u767b\u5f55\u5931\u8d25: Message: 
Stacktrace:
	GetHandleVerifier [0x00DA6FB3+25091]
	(No symbol) [0x00D2E5D4]
	(No symbol) [0x00C0B353]
	(No symbol) [0x00C4F4BC]
	(No symbol) [0x00C4F63B]
	(No symbol) [0x00C8D8B2]
	(No symbol) [0x00C71F24]
	(No symbol) [0x00C8B46E]
	(No symbol) [0x00C71C76]
	(No symbol) [0x00C43185]
	(No symbol) [0x00C4430D]
	GetHandleVerifier [0x0109D5B3+3131395]
	GetHandleVerifier [0x010ADDA4+3198964]
	GetHandleVerifier [0x010A8CC2+3178258]
	GetHandleVerifier [0x00E43290+664800]
	(No symbol) [0x00D3744D]
	(No symbol) [0x00D34798]
	(No symbol) [0x00D34936]
	(No symbol) [0x00D27030]
	BaseThreadInitThunk [0x7753FCC9+25]
	RtlGetAppContainerNamedObjectPath [0x7768809E+286]
	RtlGetAppContainerNamedObjectPath [0x7768806E+238]

2025-01-25 04:26:18,253 - ERROR - \u767b\u5f55\u5931\u8d25\uff0c\u65e0\u6cd5\u542f\u52a8\u540c\u6b65
2025-01-25 04:26:18,769 - ERROR - \u767b\u5f55\u5931\u8d25: Message: no such window: target window already closed
from unknown error: web view not found
  (Session info: chrome=132.0.6834.111)
Stacktrace:
	GetHandleVerifier [0x00DA6FB3+25091]
	(No symbol) [0x00D2E5D4]
	(No symbol) [0x00C0B353]
	(No symbol) [0x00BECEEB]
	(No symbol) [0x00C77F7F]
	(No symbol) [0x00C8AD99]
	(No symbol) [0x00C71C76]
	(No symbol) [0x00C43185]
	(No symbol) [0x00C4430D]
	GetHandleVerifier [0x0109D5B3+3131395]
	GetHandleVerifier [0x010ADDA4+3198964]
	GetHandleVerifier [0x010A8CC2+3178258]
	GetHandleVerifier [0x00E43290+664800]
	(No symbol) [0x00D3744D]
	(No symbol) [0x00D34798]
	(No symbol) [0x00D34936]
	(No symbol) [0x00D27030]
	BaseThreadInitThunk [0x7753FCC9+25]
	RtlGetAppContainerNamedObjectPath [0x7768809E+286]
	RtlGetAppContainerNamedObjectPath [0x7768806E+238]

2025-01-25 04:26:18,769 - ERROR - \u767b\u5f55\u5931\u8d25\uff0c\u65e0\u6cd5\u542f\u52a8\u540c\u6b65
2025-01-25 04:26:18,771 - ERROR - \u767b\u5f55\u5931\u8d25: Message: no such window: target window already closed
from unknown error: web view not found
  (Session info: chrome=132.0.6834.111)
Stacktrace:
	GetHandleVerifier [0x00DA6FB3+25091]
	(No symbol) [0x00D2E5D4]
	(No symbol) [0x00C0B353]
	(No symbol) [0x00BECEEB]
	(No symbol) [0x00C77F7F]
	(No symbol) [0x00C8AD99]
	(No symbol) [0x00C71C76]
	(No symbol) [0x00C43185]
	(No symbol) [0x00C4430D]
	GetHandleVerifier [0x0109D5B3+3131395]
	GetHandleVerifier [0x010ADDA4+3198964]
	GetHandleVerifier [0x010A8CC2+3178258]
	GetHandleVerifier [0x00E43290+664800]
	(No symbol) [0x00D3744D]
	(No symbol) [0x00D34798]
	(No symbol) [0x00D34936]
	(No symbol) [0x00D27030]
	BaseThreadInitThunk [0x7753FCC9+25]
	RtlGetAppContainerNamedObjectPath [0x7768809E+286]
	RtlGetAppContainerNamedObjectPath [0x7768806E+238]

2025-01-25 04:26:18,772 - ERROR - \u767b\u5f55\u5931\u8d25\uff0c\u65e0\u6cd5\u542f\u52a8\u540c\u6b65
2025-01-25 04:30:03,113 - INFO - \u6b63\u5728\u521d\u59cb\u5316Chrome WebDriver...
2025-01-25 04:30:03,113 - INFO - ====== WebDriver manager ======
2025-01-25 04:30:04,250 - INFO - Get LATEST chromedriver version for google-chrome
2025-01-25 04:30:04,277 - INFO - Get LATEST chromedriver version for google-chrome
2025-01-25 04:30:04,300 - INFO - Driver [C:\Users\Xeon Gaming\.wdm\drivers\chromedriver\win64\132.0.6834.110\chromedriver-win32/chromedriver.exe] found in cache
2025-01-25 04:30:06,516 - INFO - WebDriver\u521d\u59cb\u5316\u6210\u529f\uff0c\u5df2\u5bfc\u822a\u5230WhatsApp Web
2025-01-25 04:30:06,570 - INFO - [31m[1mWARNING: This is a development server. Do not use it in a production deployment. Use a production WSGI server instead.[0m
 * Running on all addresses (0.0.0.0)
 * Running on http://127.0.0.1:5000
 * Running on http://192.168.101.27:5000
2025-01-25 04:30:06,571 - INFO - [33mPress CTRL+C to quit[0m
2025-01-25 04:30:06,573 - INFO -  * Restarting with stat
2025-01-25 04:30:08,350 - INFO - \u68c0\u6d4b\u5230\u6b63\u5728\u8fd0\u884c\u7684Chrome\u5b9e\u4f8b\uff0c\u5c1d\u8bd5\u8fde\u63a5...
2025-01-25 04:30:08,350 - INFO - ====== WebDriver manager ======
2025-01-25 04:30:09,726 - INFO - Get LATEST chromedriver version for google-chrome
2025-01-25 04:30:09,757 - INFO - Get LATEST chromedriver version for google-chrome
2025-01-25 04:30:09,782 - INFO - Driver [C:\Users\Xeon Gaming\.wdm\drivers\chromedriver\win64\132.0.6834.110\chromedriver-win32/chromedriver.exe] found in cache
2025-01-25 04:30:10,313 - INFO - \u6b63\u5728\u521d\u59cb\u5316Chrome WebDriver...
2025-01-25 04:30:10,313 - INFO - ====== WebDriver manager ======
2025-01-25 04:30:11,490 - INFO - Get LATEST chromedriver version for google-chrome
2025-01-25 04:30:11,511 - INFO - Get LATEST chromedriver version for google-chrome
2025-01-25 04:30:11,532 - INFO - Driver [C:\Users\Xeon Gaming\.wdm\drivers\chromedriver\win64\132.0.6834.110\chromedriver-win32/chromedriver.exe] found in cache
2025-01-25 04:30:15,286 - INFO - WebDriver\u521d\u59cb\u5316\u6210\u529f\uff0c\u5df2\u5bfc\u822a\u5230WhatsApp Web
2025-01-25 04:30:15,352 - WARNING -  * Debugger is active!
2025-01-25 04:30:15,361 - INFO -  * Debugger PIN: 100-463-617
2025-01-25 04:31:03,854 - INFO - 127.0.0.1 - - [25/Jan/2025 04:31:03] "GET / HTTP/1.1" 200 -
2025-01-25 04:31:04,515 - INFO - 127.0.0.1 - - [25/Jan/2025 04:31:04] "[33mGET /favicon.ico HTTP/1.1[0m" 404 -
2025-01-25 04:31:07,194 - INFO - 127.0.0.1 - - [25/Jan/2025 04:31:07] "[33mGET /login HTTP/1.1[0m" 404 -
2025-01-25 04:31:19,163 - INFO - 127.0.0.1 - - [25/Jan/2025 04:31:19] "[33mGET /login HTTP/1.1[0m" 404 -
2025-01-25 04:31:55,738 - INFO -  * Detected change in 'C:\\Users\\Xeon Gaming\\Desktop\\system_x\\app.py', reloading
2025-01-25 04:31:55,818 - INFO -  * Restarting with stat
2025-01-25 04:31:57,694 - INFO - \u68c0\u6d4b\u5230\u6b63\u5728\u8fd0\u884c\u7684Chrome\u5b9e\u4f8b\uff0c\u5c1d\u8bd5\u8fde\u63a5...
2025-01-25 04:31:57,694 - INFO - ====== WebDriver manager ======
2025-01-25 04:31:59,012 - INFO - Get LATEST chromedriver version for google-chrome
2025-01-25 04:31:59,039 - INFO - Get LATEST chromedriver version for google-chrome
2025-01-25 04:31:59,064 - INFO - Driver [C:\Users\Xeon Gaming\.wdm\drivers\chromedriver\win64\132.0.6834.110\chromedriver-win32/chromedriver.exe] found in cache
2025-01-25 04:31:59,635 - INFO - \u6b63\u5728\u521d\u59cb\u5316Chrome WebDriver...
2025-01-25 04:31:59,635 - INFO - ====== WebDriver manager ======
2025-01-25 04:32:01,020 - INFO - Get LATEST chromedriver version for google-chrome
2025-01-25 04:32:01,041 - INFO - Get LATEST chromedriver version for google-chrome
2025-01-25 04:32:01,062 - INFO - Driver [C:\Users\Xeon Gaming\.wdm\drivers\chromedriver\win64\132.0.6834.110\chromedriver-win32/chromedriver.exe] found in cache
2025-01-25 04:32:06,972 - INFO - WebDriver\u521d\u59cb\u5316\u6210\u529f\uff0c\u5df2\u5bfc\u822a\u5230WhatsApp Web
2025-01-25 04:32:07,013 - WARNING -  * Debugger is active!
2025-01-25 04:32:07,022 - INFO -  * Debugger PIN: 100-463-617
2025-01-25 04:32:20,499 - INFO - 127.0.0.1 - - [25/Jan/2025 04:32:20] "GET / HTTP/1.1" 200 -
2025-01-25 04:32:22,996 - INFO - 127.0.0.1 - - [25/Jan/2025 04:32:22] "[33mGET /login HTTP/1.1[0m" 404 -
2025-01-25 04:33:03,815 - INFO -  * Detected change in 'C:\\Users\\Xeon Gaming\\Desktop\\system_x\\app.py', reloading
2025-01-25 04:33:03,901 - INFO -  * Restarting with stat
2025-01-25 04:33:05,920 - INFO - \u68c0\u6d4b\u5230\u6b63\u5728\u8fd0\u884c\u7684Chrome\u5b9e\u4f8b\uff0c\u5c1d\u8bd5\u8fde\u63a5...
2025-01-25 04:33:05,920 - INFO - ====== WebDriver manager ======
2025-01-25 04:33:07,306 - INFO - Get LATEST chromedriver version for google-chrome
2025-01-25 04:33:07,334 - INFO - Get LATEST chromedriver version for google-chrome
2025-01-25 04:33:07,356 - INFO - Driver [C:\Users\Xeon Gaming\.wdm\drivers\chromedriver\win64\132.0.6834.110\chromedriver-win32/chromedriver.exe] found in cache
2025-01-25 04:33:07,882 - INFO - \u6b63\u5728\u521d\u59cb\u5316Chrome WebDriver...
2025-01-25 04:33:07,882 - INFO - ====== WebDriver manager ======
2025-01-25 04:33:09,317 - INFO - Get LATEST chromedriver version for google-chrome
2025-01-25 04:33:09,343 - INFO - Get LATEST chromedriver version for google-chrome
2025-01-25 04:33:09,366 - INFO - Driver [C:\Users\Xeon Gaming\.wdm\drivers\chromedriver\win64\132.0.6834.110\chromedriver-win32/chromedriver.exe] found in cache
2025-01-25 04:33:11,103 - INFO - \u68c0\u6d4b\u5230\u6b63\u5728\u8fd0\u884c\u7684Chrome\u5b9e\u4f8b\uff0c\u5c1d\u8bd5\u8fde\u63a5...
2025-01-25 04:33:11,103 - INFO - ====== WebDriver manager ======
2025-01-25 04:33:12,197 - INFO - Get LATEST chromedriver version for google-chrome
2025-01-25 04:33:12,224 - INFO - Get LATEST chromedriver version for google-chrome
2025-01-25 04:33:12,249 - INFO - Driver [C:\Users\Xeon Gaming\.wdm\drivers\chromedriver\win64\132.0.6834.110\chromedriver-win32/chromedriver.exe] found in cache
2025-01-25 04:33:12,672 - INFO - WebDriver\u521d\u59cb\u5316\u6210\u529f\uff0c\u5df2\u5bfc\u822a\u5230WhatsApp Web
2025-01-25 04:33:12,796 - INFO - \u6b63\u5728\u521d\u59cb\u5316Chrome WebDriver...
2025-01-25 04:33:12,796 - INFO - ====== WebDriver manager ======
2025-01-25 04:33:14,221 - INFO - Get LATEST chromedriver version for google-chrome
2025-01-25 04:33:14,240 - INFO - Get LATEST chromedriver version for google-chrome
2025-01-25 04:33:14,263 - INFO - Driver [C:\Users\Xeon Gaming\.wdm\drivers\chromedriver\win64\132.0.6834.110\chromedriver-win32/chromedriver.exe] found in cache
2025-01-25 04:33:17,175 - ERROR - WebDriver\u521d\u59cb\u5316\u5931\u8d25: Message: invalid session id: session deleted as the browser has closed the connection
from disconnected: not connected to DevTools
  (Session info: chrome=132.0.6834.111)
Stacktrace:
	GetHandleVerifier [0x00DA6FB3+25091]
	(No symbol) [0x00D2E5D4]
	(No symbol) [0x00C0B353]
	(No symbol) [0x00BFB928]
	(No symbol) [0x00BFB849]
	(No symbol) [0x00C0D830]
	(No symbol) [0x00C8ADB9]
	(No symbol) [0x00C71C76]
	(No symbol) [0x00C43185]
	(No symbol) [0x00C4430D]
	GetHandleVerifier [0x0109D5B3+3131395]
	GetHandleVerifier [0x010ADDA4+3198964]
	GetHandleVerifier [0x010A8CC2+3178258]
	GetHandleVerifier [0x00E43290+664800]
	(No symbol) [0x00D3744D]
	(No symbol) [0x00D34798]
	(No symbol) [0x00D34936]
	(No symbol) [0x00D27030]
	BaseThreadInitThunk [0x7753FCC9+25]
	RtlGetAppContainerNamedObjectPath [0x7768809E+286]
	RtlGetAppContainerNamedObjectPath [0x7768806E+238]

2025-01-25 04:33:59,984 - INFO - \u6b63\u5728\u521d\u59cb\u5316Chrome WebDriver...
2025-01-25 04:33:59,984 - INFO - ====== WebDriver manager ======
2025-01-25 04:34:01,112 - INFO - Get LATEST chromedriver version for google-chrome
2025-01-25 04:34:01,139 - INFO - Get LATEST chromedriver version for google-chrome
2025-01-25 04:34:01,165 - INFO - Driver [C:\Users\Xeon Gaming\.wdm\drivers\chromedriver\win64\132.0.6834.110\chromedriver-win32/chromedriver.exe] found in cache
2025-01-25 04:34:03,710 - INFO - WebDriver\u521d\u59cb\u5316\u6210\u529f\uff0c\u5df2\u5bfc\u822a\u5230WhatsApp Web
2025-01-25 04:34:54,139 - INFO - \u6b63\u5728\u521d\u59cb\u5316Chrome WebDriver...
2025-01-25 04:34:54,139 - INFO - ====== WebDriver manager ======
2025-01-25 04:34:55,257 - INFO - Get LATEST chromedriver version for google-chrome
2025-01-25 04:34:55,288 - INFO - Get LATEST chromedriver version for google-chrome
2025-01-25 04:34:55,316 - INFO - Driver [C:\Users\Xeon Gaming\.wdm\drivers\chromedriver\win64\132.0.6834.110\chromedriver-win32/chromedriver.exe] found in cache
2025-01-25 04:34:57,628 - INFO - WebDriver\u521d\u59cb\u5316\u6210\u529f\uff0c\u5df2\u5bfc\u822a\u5230WhatsApp Web
2025-01-25 04:34:57,681 - INFO - [31m[1mWARNING: This is a development server. Do not use it in a production deployment. Use a production WSGI server instead.[0m
 * Running on all addresses (0.0.0.0)
 * Running on http://127.0.0.1:5000
 * Running on http://192.168.101.27:5000
2025-01-25 04:34:57,681 - INFO - [33mPress CTRL+C to quit[0m
2025-01-25 04:34:57,686 - INFO -  * Restarting with stat
2025-01-25 04:34:59,167 - INFO - \u68c0\u6d4b\u5230\u6b63\u5728\u8fd0\u884c\u7684Chrome\u5b9e\u4f8b\uff0c\u5c1d\u8bd5\u8fde\u63a5...
2025-01-25 04:34:59,167 - INFO - ====== WebDriver manager ======
2025-01-25 04:35:00,490 - INFO - Get LATEST chromedriver version for google-chrome
2025-01-25 04:35:00,517 - INFO - Get LATEST chromedriver version for google-chrome
2025-01-25 04:35:00,544 - INFO - Driver [C:\Users\Xeon Gaming\.wdm\drivers\chromedriver\win64\132.0.6834.110\chromedriver-win32/chromedriver.exe] found in cache
2025-01-25 04:35:01,243 - INFO - \u6b63\u5728\u521d\u59cb\u5316Chrome WebDriver...
2025-01-25 04:35:01,243 - INFO - ====== WebDriver manager ======
2025-01-25 04:35:02,464 - INFO - Get LATEST chromedriver version for google-chrome
2025-01-25 04:35:02,486 - INFO - Get LATEST chromedriver version for google-chrome
2025-01-25 04:35:02,510 - INFO - Driver [C:\Users\Xeon Gaming\.wdm\drivers\chromedriver\win64\132.0.6834.110\chromedriver-win32/chromedriver.exe] found in cache
2025-01-25 04:35:05,956 - INFO - WebDriver\u521d\u59cb\u5316\u6210\u529f\uff0c\u5df2\u5bfc\u822a\u5230WhatsApp Web
2025-01-25 04:35:05,999 - WARNING -  * Debugger is active!
2025-01-25 04:35:06,005 - INFO -  * Debugger PIN: 100-463-617
2025-01-25 04:37:32,815 - INFO -  * Detected change in 'C:\\Users\\Xeon Gaming\\Desktop\\system_x\\app.py', reloading
2025-01-25 04:37:32,957 - INFO -  * Restarting with stat
2025-01-25 04:37:34,476 - INFO - \u68c0\u6d4b\u5230\u6b63\u5728\u8fd0\u884c\u7684Chrome\u5b9e\u4f8b\uff0c\u5c1d\u8bd5\u8fde\u63a5...
2025-01-25 04:37:34,476 - INFO - ====== WebDriver manager ======
2025-01-25 04:37:35,647 - INFO - Get LATEST chromedriver version for google-chrome
2025-01-25 04:37:35,676 - INFO - Get LATEST chromedriver version for google-chrome
2025-01-25 04:37:35,699 - INFO - Driver [C:\Users\Xeon Gaming\.wdm\drivers\chromedriver\win64\132.0.6834.110\chromedriver-win32/chromedriver.exe] found in cache
2025-01-25 04:37:36,231 - INFO - \u6b63\u5728\u521d\u59cb\u5316Chrome WebDriver...
2025-01-25 04:37:36,231 - INFO - ====== WebDriver manager ======
2025-01-25 04:37:37,770 - INFO - Get LATEST chromedriver version for google-chrome
2025-01-25 04:37:37,794 - INFO - Get LATEST chromedriver version for google-chrome
2025-01-25 04:37:37,832 - INFO - Driver [C:\Users\Xeon Gaming\.wdm\drivers\chromedriver\win64\132.0.6834.110\chromedriver-win32/chromedriver.exe] found in cache
2025-01-25 04:37:40,333 - INFO - \u68c0\u6d4b\u5230\u6b63\u5728\u8fd0\u884c\u7684Chrome\u5b9e\u4f8b\uff0c\u5c1d\u8bd5\u8fde\u63a5...
2025-01-25 04:37:40,333 - INFO - ====== WebDriver manager ======
2025-01-25 04:37:41,268 - INFO - WebDriver\u521d\u59cb\u5316\u6210\u529f\uff0c\u5df2\u5bfc\u822a\u5230WhatsApp Web
2025-01-25 04:37:41,304 - WARNING -  * Debugger is active!
2025-01-25 04:37:41,310 - INFO -  * Debugger PIN: 100-463-617
2025-01-25 04:37:41,682 - INFO - Get LATEST chromedriver version for google-chrome
2025-01-25 04:37:41,713 - INFO - Get LATEST chromedriver version for google-chrome
2025-01-25 04:37:41,738 - INFO - Driver [C:\Users\Xeon Gaming\.wdm\drivers\chromedriver\win64\132.0.6834.110\chromedriver-win32/chromedriver.exe] found in cache
2025-01-25 04:37:43,577 - INFO - \u6b63\u5728\u521d\u59cb\u5316Chrome WebDriver...
2025-01-25 04:37:43,578 - INFO - ====== WebDriver manager ======
2025-01-25 04:37:44,759 - INFO - Get LATEST chromedriver version for google-chrome
2025-01-25 04:37:44,784 - INFO - Get LATEST chromedriver version for google-chrome
2025-01-25 04:37:44,806 - INFO - Driver [C:\Users\Xeon Gaming\.wdm\drivers\chromedriver\win64\132.0.6834.110\chromedriver-win32/chromedriver.exe] found in cache
2025-01-25 04:37:48,135 - INFO - WebDriver\u521d\u59cb\u5316\u6210\u529f\uff0c\u5df2\u5bfc\u822a\u5230WhatsApp Web
2025-01-25 04:37:48,213 - INFO - [31m[1mWARNING: This is a development server. Do not use it in a production deployment. Use a production WSGI server instead.[0m
 * Running on all addresses (0.0.0.0)
 * Running on http://127.0.0.1:5000
 * Running on http://192.168.101.27:5000
2025-01-25 04:37:48,213 - INFO - [33mPress CTRL+C to quit[0m
2025-01-25 04:37:48,216 - INFO -  * Restarting with stat
2025-01-25 04:37:50,006 - INFO - \u68c0\u6d4b\u5230\u6b63\u5728\u8fd0\u884c\u7684Chrome\u5b9e\u4f8b\uff0c\u5c1d\u8bd5\u8fde\u63a5...
2025-01-25 04:37:50,006 - INFO - ====== WebDriver manager ======
2025-01-25 04:37:51,271 - INFO - Get LATEST chromedriver version for google-chrome
2025-01-25 04:37:51,297 - INFO - Get LATEST chromedriver version for google-chrome
2025-01-25 04:37:51,319 - INFO - Driver [C:\Users\Xeon Gaming\.wdm\drivers\chromedriver\win64\132.0.6834.110\chromedriver-win32/chromedriver.exe] found in cache
2025-01-25 04:37:51,889 - INFO - \u6b63\u5728\u521d\u59cb\u5316Chrome WebDriver...
2025-01-25 04:37:51,889 - INFO - ====== WebDriver manager ======
2025-01-25 04:37:53,325 - INFO - Get LATEST chromedriver version for google-chrome
2025-01-25 04:37:53,344 - INFO - Get LATEST chromedriver version for google-chrome
2025-01-25 04:37:53,364 - INFO - Driver [C:\Users\Xeon Gaming\.wdm\drivers\chromedriver\win64\132.0.6834.110\chromedriver-win32/chromedriver.exe] found in cache
2025-01-25 04:37:56,706 - INFO - WebDriver\u521d\u59cb\u5316\u6210\u529f\uff0c\u5df2\u5bfc\u822a\u5230WhatsApp Web
2025-01-25 04:37:56,754 - WARNING -  * Debugger is active!
2025-01-25 04:37:56,763 - INFO -  * Debugger PIN: 100-463-617
2025-01-25 04:39:10,499 - INFO -  * Detected change in 'C:\\Users\\Xeon Gaming\\Desktop\\system_x\\app.py', reloading
2025-01-25 04:39:10,588 - INFO -  * Restarting with stat
2025-01-25 04:39:10,722 - INFO -  * Detected change in 'C:\\Users\\Xeon Gaming\\Desktop\\system_x\\app.py', reloading
2025-01-25 04:39:10,881 - INFO -  * Restarting with stat
2025-01-25 04:39:12,208 - INFO - \u68c0\u6d4b\u5230\u6b63\u5728\u8fd0\u884c\u7684Chrome\u5b9e\u4f8b\uff0c\u5c1d\u8bd5\u8fde\u63a5...
2025-01-25 04:39:12,208 - INFO - ====== WebDriver manager ======
2025-01-25 04:39:12,516 - INFO - \u68c0\u6d4b\u5230\u6b63\u5728\u8fd0\u884c\u7684Chrome\u5b9e\u4f8b\uff0c\u5c1d\u8bd5\u8fde\u63a5...
2025-01-25 04:39:12,516 - INFO - ====== WebDriver manager ======
2025-01-25 04:39:13,730 - INFO - Get LATEST chromedriver version for google-chrome
2025-01-25 04:39:13,766 - INFO - Get LATEST chromedriver version for google-chrome
2025-01-25 04:39:13,796 - INFO - Driver [C:\Users\Xeon Gaming\.wdm\drivers\chromedriver\win64\132.0.6834.110\chromedriver-win32/chromedriver.exe] found in cache
2025-01-25 04:39:14,026 - INFO - Get LATEST chromedriver version for google-chrome
2025-01-25 04:39:14,056 - INFO - Get LATEST chromedriver version for google-chrome
2025-01-25 04:39:14,084 - INFO - Driver [C:\Users\Xeon Gaming\.wdm\drivers\chromedriver\win64\132.0.6834.110\chromedriver-win32/chromedriver.exe] found in cache
2025-01-25 04:39:14,336 - INFO - \u6b63\u5728\u521d\u59cb\u5316Chrome WebDriver...
2025-01-25 04:39:14,336 - INFO - ====== WebDriver manager ======
2025-01-25 04:39:14,622 - INFO - \u6b63\u5728\u521d\u59cb\u5316Chrome WebDriver...
2025-01-25 04:39:14,622 - INFO - ====== WebDriver manager ======
2025-01-25 04:39:15,825 - INFO - Get LATEST chromedriver version for google-chrome
2025-01-25 04:39:15,844 - INFO - Get LATEST chromedriver version for google-chrome
2025-01-25 04:39:15,866 - INFO - Driver [C:\Users\Xeon Gaming\.wdm\drivers\chromedriver\win64\132.0.6834.110\chromedriver-win32/chromedriver.exe] found in cache
2025-01-25 04:39:16,142 - INFO - Get LATEST chromedriver version for google-chrome
2025-01-25 04:39:16,164 - INFO - Get LATEST chromedriver version for google-chrome
2025-01-25 04:39:16,184 - INFO - Driver [C:\Users\Xeon Gaming\.wdm\drivers\chromedriver\win64\132.0.6834.110\chromedriver-win32/chromedriver.exe] found in cache
2025-01-25 04:39:18,121 - INFO - \u68c0\u6d4b\u5230\u6b63\u5728\u8fd0\u884c\u7684Chrome\u5b9e\u4f8b\uff0c\u5c1d\u8bd5\u8fde\u63a5...
2025-01-25 04:39:18,121 - INFO - ====== WebDriver manager ======
2025-01-25 04:39:19,335 - INFO - WebDriver\u521d\u59cb\u5316\u6210\u529f\uff0c\u5df2\u5bfc\u822a\u5230WhatsApp Web
2025-01-25 04:39:19,335 - INFO - WebDriver\u521d\u59cb\u5316\u6210\u529f\uff0c\u5df2\u5bfc\u822a\u5230WhatsApp Web
2025-01-25 04:39:19,369 - WARNING -  * Debugger is active!
2025-01-25 04:39:19,371 - WARNING -  * Debugger is active!
2025-01-25 04:39:19,376 - INFO -  * Debugger PIN: 100-463-617
2025-01-25 04:39:19,377 - INFO - Get LATEST chromedriver version for google-chrome
2025-01-25 04:39:19,379 - INFO -  * Debugger PIN: 100-463-617
2025-01-25 04:39:19,406 - INFO - Get LATEST chromedriver version for google-chrome
2025-01-25 04:39:19,430 - INFO - Driver [C:\Users\Xeon Gaming\.wdm\drivers\chromedriver\win64\132.0.6834.110\chromedriver-win32/chromedriver.exe] found in cache
2025-01-25 04:39:21,940 - INFO - \u6b63\u5728\u521d\u59cb\u5316Chrome WebDriver...
2025-01-25 04:39:21,941 - INFO - ====== WebDriver manager ======
2025-01-25 04:39:23,062 - INFO - Get LATEST chromedriver version for google-chrome
2025-01-25 04:39:23,083 - INFO - Get LATEST chromedriver version for google-chrome
2025-01-25 04:39:23,102 - INFO - Driver [C:\Users\Xeon Gaming\.wdm\drivers\chromedriver\win64\132.0.6834.110\chromedriver-win32/chromedriver.exe] found in cache
2025-01-25 04:39:26,556 - INFO - WebDriver\u521d\u59cb\u5316\u6210\u529f\uff0c\u5df2\u5bfc\u822a\u5230WhatsApp Web
2025-01-25 04:39:26,667 - INFO - [31m[1mWARNING: This is a development server. Do not use it in a production deployment. Use a production WSGI server instead.[0m
 * Running on all addresses (0.0.0.0)
 * Running on http://127.0.0.1:5000
 * Running on http://192.168.101.27:5000
2025-01-25 04:39:26,668 - INFO - [33mPress CTRL+C to quit[0m
2025-01-25 04:39:26,672 - INFO -  * Restarting with stat
2025-01-25 04:39:28,398 - INFO - \u68c0\u6d4b\u5230\u6b63\u5728\u8fd0\u884c\u7684Chrome\u5b9e\u4f8b\uff0c\u5c1d\u8bd5\u8fde\u63a5...
2025-01-25 04:39:28,399 - INFO - ====== WebDriver manager ======
2025-01-25 04:39:29,868 - INFO - Get LATEST chromedriver version for google-chrome
2025-01-25 04:39:29,895 - INFO - Get LATEST chromedriver version for google-chrome
2025-01-25 04:39:29,919 - INFO - Driver [C:\Users\Xeon Gaming\.wdm\drivers\chromedriver\win64\132.0.6834.110\chromedriver-win32/chromedriver.exe] found in cache
2025-01-25 04:39:30,449 - INFO - \u6b63\u5728\u521d\u59cb\u5316Chrome WebDriver...
2025-01-25 04:39:30,449 - INFO - ====== WebDriver manager ======
2025-01-25 04:39:32,174 - INFO - Get LATEST chromedriver version for google-chrome
2025-01-25 04:39:32,195 - INFO - Get LATEST chromedriver version for google-chrome
2025-01-25 04:39:32,216 - INFO - Driver [C:\Users\Xeon Gaming\.wdm\drivers\chromedriver\win64\132.0.6834.110\chromedriver-win32/chromedriver.exe] found in cache
2025-01-25 04:39:35,582 - INFO - WebDriver\u521d\u59cb\u5316\u6210\u529f\uff0c\u5df2\u5bfc\u822a\u5230WhatsApp Web
2025-01-25 04:39:35,619 - WARNING -  * Debugger is active!
2025-01-25 04:39:35,626 - INFO -  * Debugger PIN: 100-463-617
2025-01-25 04:39:46,818 - INFO -  * Detected change in 'C:\\Users\\Xeon Gaming\\Desktop\\system_x\\app.py', reloading
2025-01-25 04:39:46,940 - INFO -  * Restarting with stat
2025-01-25 04:39:46,940 - INFO -  * Detected change in 'C:\\Users\\Xeon Gaming\\Desktop\\system_x\\app.py', reloading
2025-01-25 04:39:46,944 - INFO -  * Detected change in 'C:\\Users\\Xeon Gaming\\Desktop\\system_x\\app.py', reloading
2025-01-25 04:39:47,064 - INFO -  * Restarting with stat
2025-01-25 04:39:47,075 - INFO -  * Restarting with stat
2025-01-25 04:39:48,862 - INFO - \u68c0\u6d4b\u5230\u6b63\u5728\u8fd0\u884c\u7684Chrome\u5b9e\u4f8b\uff0c\u5c1d\u8bd5\u8fde\u63a5...
2025-01-25 04:39:48,862 - INFO - ====== WebDriver manager ======
2025-01-25 04:39:49,005 - INFO - \u68c0\u6d4b\u5230\u6b63\u5728\u8fd0\u884c\u7684Chrome\u5b9e\u4f8b\uff0c\u5c1d\u8bd5\u8fde\u63a5...
2025-01-25 04:39:49,005 - INFO - ====== WebDriver manager ======
2025-01-25 04:39:49,082 - INFO - \u68c0\u6d4b\u5230\u6b63\u5728\u8fd0\u884c\u7684Chrome\u5b9e\u4f8b\uff0c\u5c1d\u8bd5\u8fde\u63a5...
2025-01-25 04:39:49,083 - INFO - ====== WebDriver manager ======
2025-01-25 04:39:50,609 - INFO - Get LATEST chromedriver version for google-chrome
2025-01-25 04:39:50,636 - INFO - Get LATEST chromedriver version for google-chrome
2025-01-25 04:39:50,660 - INFO - Driver [C:\Users\Xeon Gaming\.wdm\drivers\chromedriver\win64\132.0.6834.110\chromedriver-win32/chromedriver.exe] found in cache
2025-01-25 04:39:50,719 - INFO - Get LATEST chromedriver version for google-chrome
2025-01-25 04:39:50,730 - INFO - Get LATEST chromedriver version for google-chrome
2025-01-25 04:39:50,748 - INFO - Get LATEST chromedriver version for google-chrome
2025-01-25 04:39:50,758 - INFO - Get LATEST chromedriver version for google-chrome
2025-01-25 04:39:50,771 - INFO - Driver [C:\Users\Xeon Gaming\.wdm\drivers\chromedriver\win64\132.0.6834.110\chromedriver-win32/chromedriver.exe] found in cache
2025-01-25 04:39:50,782 - INFO - Driver [C:\Users\Xeon Gaming\.wdm\drivers\chromedriver\win64\132.0.6834.110\chromedriver-win32/chromedriver.exe] found in cache
2025-01-25 04:39:51,197 - INFO - \u6b63\u5728\u521d\u59cb\u5316Chrome WebDriver...
2025-01-25 04:39:51,197 - INFO - ====== WebDriver manager ======
2025-01-25 04:39:51,306 - INFO - \u6b63\u5728\u521d\u59cb\u5316Chrome WebDriver...
2025-01-25 04:39:51,307 - INFO - ====== WebDriver manager ======
2025-01-25 04:39:51,337 - INFO - \u6b63\u5728\u521d\u59cb\u5316Chrome WebDriver...
2025-01-25 04:39:51,337 - INFO - ====== WebDriver manager ======
2025-01-25 04:39:53,314 - INFO - Get LATEST chromedriver version for google-chrome
2025-01-25 04:39:53,343 - INFO - Get LATEST chromedriver version for google-chrome
2025-01-25 04:39:53,366 - INFO - Driver [C:\Users\Xeon Gaming\.wdm\drivers\chromedriver\win64\132.0.6834.110\chromedriver-win32/chromedriver.exe] found in cache
2025-01-25 04:39:53,401 - INFO - Get LATEST chromedriver version for google-chrome
2025-01-25 04:39:53,409 - INFO - Get LATEST chromedriver version for google-chrome
2025-01-25 04:39:53,428 - INFO - Get LATEST chromedriver version for google-chrome
2025-01-25 04:39:53,438 - INFO - Get LATEST chromedriver version for google-chrome
2025-01-25 04:39:53,449 - INFO - Driver [C:\Users\Xeon Gaming\.wdm\drivers\chromedriver\win64\132.0.6834.110\chromedriver-win32/chromedriver.exe] found in cache
2025-01-25 04:39:53,461 - INFO - Driver [C:\Users\Xeon Gaming\.wdm\drivers\chromedriver\win64\132.0.6834.110\chromedriver-win32/chromedriver.exe] found in cache
2025-01-25 04:39:55,914 - INFO - \u68c0\u6d4b\u5230\u6b63\u5728\u8fd0\u884c\u7684Chrome\u5b9e\u4f8b\uff0c\u5c1d\u8bd5\u8fde\u63a5...
2025-01-25 04:39:55,914 - INFO - ====== WebDriver manager ======
2025-01-25 04:39:56,764 - INFO - WebDriver\u521d\u59cb\u5316\u6210\u529f\uff0c\u5df2\u5bfc\u822a\u5230WhatsApp Web
2025-01-25 04:39:56,810 - WARNING -  * Debugger is active!
2025-01-25 04:39:56,818 - INFO -  * Debugger PIN: 100-463-617
2025-01-25 04:39:57,249 - INFO - Get LATEST chromedriver version for google-chrome
2025-01-25 04:39:57,280 - INFO - Get LATEST chromedriver version for google-chrome
2025-01-25 04:39:57,310 - INFO - Driver [C:\Users\Xeon Gaming\.wdm\drivers\chromedriver\win64\132.0.6834.110\chromedriver-win32/chromedriver.exe] found in cache
2025-01-25 04:39:59,176 - INFO - \u6b63\u5728\u521d\u59cb\u5316Chrome WebDriver...
2025-01-25 04:39:59,176 - INFO - ====== WebDriver manager ======
2025-01-25 04:39:59,635 - INFO - WebDriver\u521d\u59cb\u5316\u6210\u529f\uff0c\u5df2\u5bfc\u822a\u5230WhatsApp Web
2025-01-25 04:39:59,637 - INFO - WebDriver\u521d\u59cb\u5316\u6210\u529f\uff0c\u5df2\u5bfc\u822a\u5230WhatsApp Web
2025-01-25 04:39:59,699 - WARNING -  * Debugger is active!
2025-01-25 04:39:59,701 - WARNING -  * Debugger is active!
2025-01-25 04:39:59,707 - INFO -  * Debugger PIN: 100-463-617
2025-01-25 04:39:59,708 - INFO -  * Debugger PIN: 100-463-617
2025-01-25 04:40:00,673 - INFO - Get LATEST chromedriver version for google-chrome
2025-01-25 04:40:00,696 - INFO - Get LATEST chromedriver version for google-chrome
2025-01-25 04:40:00,721 - INFO - Driver [C:\Users\Xeon Gaming\.wdm\drivers\chromedriver\win64\132.0.6834.110\chromedriver-win32/chromedriver.exe] found in cache
2025-01-25 04:40:05,025 - INFO - WebDriver\u521d\u59cb\u5316\u6210\u529f\uff0c\u5df2\u5bfc\u822a\u5230WhatsApp Web
2025-01-25 04:40:05,072 - INFO - [31m[1mWARNING: This is a development server. Do not use it in a production deployment. Use a production WSGI server instead.[0m
 * Running on all addresses (0.0.0.0)
 * Running on http://127.0.0.1:5000
 * Running on http://192.168.101.27:5000
2025-01-25 04:40:05,073 - INFO - [33mPress CTRL+C to quit[0m
2025-01-25 04:40:05,076 - INFO -  * Restarting with stat
2025-01-25 04:40:06,900 - INFO - \u68c0\u6d4b\u5230\u6b63\u5728\u8fd0\u884c\u7684Chrome\u5b9e\u4f8b\uff0c\u5c1d\u8bd5\u8fde\u63a5...
2025-01-25 04:40:06,900 - INFO - ====== WebDriver manager ======
2025-01-25 04:40:08,222 - INFO - Get LATEST chromedriver version for google-chrome
2025-01-25 04:40:08,250 - INFO - Get LATEST chromedriver version for google-chrome
2025-01-25 04:40:08,275 - INFO - Driver [C:\Users\Xeon Gaming\.wdm\drivers\chromedriver\win64\132.0.6834.110\chromedriver-win32/chromedriver.exe] found in cache
2025-01-25 04:40:08,810 - INFO - \u6b63\u5728\u521d\u59cb\u5316Chrome WebDriver...
2025-01-25 04:40:08,810 - INFO - ====== WebDriver manager ======
2025-01-25 04:40:09,987 - INFO - Get LATEST chromedriver version for google-chrome
2025-01-25 04:40:10,009 - INFO - Get LATEST chromedriver version for google-chrome
2025-01-25 04:40:10,029 - INFO - Driver [C:\Users\Xeon Gaming\.wdm\drivers\chromedriver\win64\132.0.6834.110\chromedriver-win32/chromedriver.exe] found in cache
2025-01-25 04:40:13,363 - INFO - WebDriver\u521d\u59cb\u5316\u6210\u529f\uff0c\u5df2\u5bfc\u822a\u5230WhatsApp Web
2025-01-25 04:40:13,415 - WARNING -  * Debugger is active!
2025-01-25 04:40:13,423 - INFO -  * Debugger PIN: 100-463-617
2025-01-25 04:42:26,366 - INFO - \u68c0\u6d4b\u5230\u6b63\u5728\u8fd0\u884c\u7684Chrome\u5b9e\u4f8b\uff0c\u5c1d\u8bd5\u8fde\u63a5...
2025-01-25 04:42:26,366 - INFO - ====== WebDriver manager ======
2025-01-25 04:42:27,488 - INFO - Get LATEST chromedriver version for google-chrome
2025-01-25 04:42:27,532 - INFO - Get LATEST chromedriver version for google-chrome
2025-01-25 04:42:27,556 - INFO - Driver [C:\Users\Xeon Gaming\.wdm\drivers\chromedriver\win64\132.0.6834.110\chromedriver-win32/chromedriver.exe] found in cache
2025-01-25 04:42:28,093 - INFO - \u6b63\u5728\u521d\u59cb\u5316Chrome WebDriver...
2025-01-25 04:42:28,093 - INFO - ====== WebDriver manager ======
2025-01-25 04:42:29,149 - INFO - Get LATEST chromedriver version for google-chrome
2025-01-25 04:42:29,172 - INFO - Get LATEST chromedriver version for google-chrome
2025-01-25 04:42:29,190 - INFO - Driver [C:\Users\Xeon Gaming\.wdm\drivers\chromedriver\win64\132.0.6834.110\chromedriver-win32/chromedriver.exe] found in cache
2025-01-25 04:42:32,731 - INFO - WebDriver\u521d\u59cb\u5316\u6210\u529f\uff0c\u5df2\u5bfc\u822a\u5230WhatsApp Web
2025-01-25 04:42:32,777 - INFO - [31m[1mWARNING: This is a development server. Do not use it in a production deployment. Use a production WSGI server instead.[0m
 * Running on all addresses (0.0.0.0)
 * Running on http://127.0.0.1:5000
 * Running on http://192.168.101.27:5000
2025-01-25 04:42:32,778 - INFO - [33mPress CTRL+C to quit[0m
2025-01-25 04:42:32,781 - INFO -  * Restarting with stat
2025-01-25 04:42:34,651 - INFO - \u68c0\u6d4b\u5230\u6b63\u5728\u8fd0\u884c\u7684Chrome\u5b9e\u4f8b\uff0c\u5c1d\u8bd5\u8fde\u63a5...
2025-01-25 04:42:34,652 - INFO - ====== WebDriver manager ======
2025-01-25 04:42:35,897 - INFO - Get LATEST chromedriver version for google-chrome
2025-01-25 04:42:35,927 - INFO - Get LATEST chromedriver version for google-chrome
2025-01-25 04:42:35,952 - INFO - Driver [C:\Users\Xeon Gaming\.wdm\drivers\chromedriver\win64\132.0.6834.110\chromedriver-win32/chromedriver.exe] found in cache
2025-01-25 04:42:36,599 - INFO - \u6b63\u5728\u521d\u59cb\u5316Chrome WebDriver...
2025-01-25 04:42:36,599 - INFO - ====== WebDriver manager ======
2025-01-25 04:42:37,859 - INFO - Get LATEST chromedriver version for google-chrome
2025-01-25 04:42:37,883 - INFO - Get LATEST chromedriver version for google-chrome
2025-01-25 04:42:37,903 - INFO - Driver [C:\Users\Xeon Gaming\.wdm\drivers\chromedriver\win64\132.0.6834.110\chromedriver-win32/chromedriver.exe] found in cache
2025-01-25 04:42:41,915 - INFO - WebDriver\u521d\u59cb\u5316\u6210\u529f\uff0c\u5df2\u5bfc\u822a\u5230WhatsApp Web
2025-01-25 04:42:41,950 - WARNING -  * Debugger is active!
2025-01-25 04:42:41,955 - INFO -  * Debugger PIN: 100-463-617
2025-01-25 04:43:22,498 - INFO -  * Detected change in 'C:\\Users\\Xeon Gaming\\Desktop\\system_x\\app.py', reloading
2025-01-25 04:43:22,586 - INFO -  * Restarting with stat
2025-01-25 04:43:24,009 - INFO - \u68c0\u6d4b\u5230\u6b63\u5728\u8fd0\u884c\u7684Chrome\u5b9e\u4f8b\uff0c\u5c1d\u8bd5\u8fde\u63a5...
2025-01-25 04:43:24,010 - INFO - ====== WebDriver manager ======
2025-01-25 04:43:25,209 - INFO - Get LATEST chromedriver version for google-chrome
2025-01-25 04:43:25,247 - INFO - Get LATEST chromedriver version for google-chrome
2025-01-25 04:43:25,270 - INFO - Driver [C:\Users\Xeon Gaming\.wdm\drivers\chromedriver\win64\132.0.6834.110\chromedriver-win32/chromedriver.exe] found in cache
2025-01-25 04:43:25,816 - INFO - \u6b63\u5728\u521d\u59cb\u5316Chrome WebDriver...
2025-01-25 04:43:25,816 - INFO - ====== WebDriver manager ======
2025-01-25 04:43:26,999 - INFO - Get LATEST chromedriver version for google-chrome
2025-01-25 04:43:27,020 - INFO - Get LATEST chromedriver version for google-chrome
2025-01-25 04:43:27,041 - INFO - Driver [C:\Users\Xeon Gaming\.wdm\drivers\chromedriver\win64\132.0.6834.110\chromedriver-win32/chromedriver.exe] found in cache
2025-01-25 04:43:30,407 - INFO - \u68c0\u6d4b\u5230\u6b63\u5728\u8fd0\u884c\u7684Chrome\u5b9e\u4f8b\uff0c\u5c1d\u8bd5\u8fde\u63a5...
2025-01-25 04:43:30,408 - INFO - ====== WebDriver manager ======
2025-01-25 04:43:30,941 - INFO - WebDriver\u521d\u59cb\u5316\u6210\u529f\uff0c\u5df2\u5bfc\u822a\u5230WhatsApp Web
2025-01-25 04:43:30,971 - WARNING -  * Debugger is active!
2025-01-25 04:43:30,979 - INFO -  * Debugger PIN: 100-463-617
2025-01-25 04:43:31,650 - INFO - Get LATEST chromedriver version for google-chrome
2025-01-25 04:43:31,676 - INFO - Get LATEST chromedriver version for google-chrome
2025-01-25 04:43:31,702 - INFO - Driver [C:\Users\Xeon Gaming\.wdm\drivers\chromedriver\win64\132.0.6834.110\chromedriver-win32/chromedriver.exe] found in cache
2025-01-25 04:43:32,234 - INFO - \u6b63\u5728\u521d\u59cb\u5316Chrome WebDriver...
2025-01-25 04:43:32,235 - INFO - ====== WebDriver manager ======
2025-01-25 04:43:33,366 - INFO - Get LATEST chromedriver version for google-chrome
2025-01-25 04:43:33,388 - INFO - Get LATEST chromedriver version for google-chrome
2025-01-25 04:43:33,408 - INFO - Driver [C:\Users\Xeon Gaming\.wdm\drivers\chromedriver\win64\132.0.6834.110\chromedriver-win32/chromedriver.exe] found in cache
2025-01-25 04:43:37,238 - INFO - WebDriver\u521d\u59cb\u5316\u6210\u529f\uff0c\u5df2\u5bfc\u822a\u5230WhatsApp Web
2025-01-25 04:43:37,286 - INFO - [31m[1mWARNING: This is a development server. Do not use it in a production deployment. Use a production WSGI server instead.[0m
 * Running on all addresses (0.0.0.0)
 * Running on http://127.0.0.1:5000
 * Running on http://192.168.101.27:5000
2025-01-25 04:43:37,286 - INFO - [33mPress CTRL+C to quit[0m
2025-01-25 04:43:37,288 - INFO -  * Restarting with stat
2025-01-25 04:43:39,240 - INFO - \u68c0\u6d4b\u5230\u6b63\u5728\u8fd0\u884c\u7684Chrome\u5b9e\u4f8b\uff0c\u5c1d\u8bd5\u8fde\u63a5...
2025-01-25 04:43:39,240 - INFO - ====== WebDriver manager ======
2025-01-25 04:43:40,425 - INFO - Get LATEST chromedriver version for google-chrome
2025-01-25 04:43:40,453 - INFO - Get LATEST chromedriver version for google-chrome
2025-01-25 04:43:40,476 - INFO - Driver [C:\Users\Xeon Gaming\.wdm\drivers\chromedriver\win64\132.0.6834.110\chromedriver-win32/chromedriver.exe] found in cache
2025-01-25 04:43:41,019 - INFO - \u6b63\u5728\u521d\u59cb\u5316Chrome WebDriver...
2025-01-25 04:43:41,019 - INFO - ====== WebDriver manager ======
2025-01-25 04:43:42,114 - INFO - Get LATEST chromedriver version for google-chrome
2025-01-25 04:43:42,139 - INFO - Get LATEST chromedriver version for google-chrome
2025-01-25 04:43:42,158 - INFO - Driver [C:\Users\Xeon Gaming\.wdm\drivers\chromedriver\win64\132.0.6834.110\chromedriver-win32/chromedriver.exe] found in cache
2025-01-25 04:43:56,698 - INFO - WebDriver\u521d\u59cb\u5316\u6210\u529f\uff0c\u5df2\u5bfc\u822a\u5230WhatsApp Web
2025-01-25 04:43:56,730 - WARNING -  * Debugger is active!
2025-01-25 04:43:56,737 - INFO -  * Debugger PIN: 100-463-617
2025-01-25 04:44:41,960 - INFO -  * Detected change in 'C:\\Users\\Xeon Gaming\\Desktop\\system_x\\app.py', reloading
2025-01-25 04:44:42,068 - INFO -  * Restarting with stat
2025-01-25 04:44:42,332 - INFO -  * Detected change in 'C:\\Users\\Xeon Gaming\\Desktop\\system_x\\app.py', reloading
2025-01-25 04:44:42,431 - INFO -  * Restarting with stat
2025-01-25 04:44:43,838 - INFO - \u68c0\u6d4b\u5230\u6b63\u5728\u8fd0\u884c\u7684Chrome\u5b9e\u4f8b\uff0c\u5c1d\u8bd5\u8fde\u63a5...
2025-01-25 04:44:43,838 - INFO - ====== WebDriver manager ======
2025-01-25 04:44:44,162 - INFO - \u68c0\u6d4b\u5230\u6b63\u5728\u8fd0\u884c\u7684Chrome\u5b9e\u4f8b\uff0c\u5c1d\u8bd5\u8fde\u63a5...
2025-01-25 04:44:44,162 - INFO - ====== WebDriver manager ======
2025-01-25 04:44:45,219 - INFO - Get LATEST chromedriver version for google-chrome
2025-01-25 04:44:45,248 - INFO - Get LATEST chromedriver version for google-chrome
2025-01-25 04:44:45,270 - INFO - Driver [C:\Users\Xeon Gaming\.wdm\drivers\chromedriver\win64\132.0.6834.110\chromedriver-win32/chromedriver.exe] found in cache
2025-01-25 04:44:45,461 - INFO - Get LATEST chromedriver version for google-chrome
2025-01-25 04:44:45,489 - INFO - Get LATEST chromedriver version for google-chrome
2025-01-25 04:44:45,511 - INFO - Driver [C:\Users\Xeon Gaming\.wdm\drivers\chromedriver\win64\132.0.6834.110\chromedriver-win32/chromedriver.exe] found in cache
2025-01-25 04:44:45,811 - INFO - \u6b63\u5728\u521d\u59cb\u5316Chrome WebDriver...
2025-01-25 04:44:45,811 - INFO - ====== WebDriver manager ======
2025-01-25 04:44:46,046 - INFO - \u6b63\u5728\u521d\u59cb\u5316Chrome WebDriver...
2025-01-25 04:44:46,046 - INFO - ====== WebDriver manager ======
2025-01-25 04:44:47,195 - INFO - Get LATEST chromedriver version for google-chrome
2025-01-25 04:44:47,218 - INFO - Get LATEST chromedriver version for google-chrome
2025-01-25 04:44:47,237 - INFO - Driver [C:\Users\Xeon Gaming\.wdm\drivers\chromedriver\win64\132.0.6834.110\chromedriver-win32/chromedriver.exe] found in cache
2025-01-25 04:44:47,391 - INFO - Get LATEST chromedriver version for google-chrome
2025-01-25 04:44:47,412 - INFO - Get LATEST chromedriver version for google-chrome
2025-01-25 04:44:47,435 - INFO - Driver [C:\Users\Xeon Gaming\.wdm\drivers\chromedriver\win64\132.0.6834.110\chromedriver-win32/chromedriver.exe] found in cache
2025-01-25 04:44:49,334 - INFO - \u68c0\u6d4b\u5230\u6b63\u5728\u8fd0\u884c\u7684Chrome\u5b9e\u4f8b\uff0c\u5c1d\u8bd5\u8fde\u63a5...
2025-01-25 04:44:49,335 - INFO - ====== WebDriver manager ======
2025-01-25 04:44:50,517 - INFO - Get LATEST chromedriver version for google-chrome
2025-01-25 04:44:50,546 - INFO - Get LATEST chromedriver version for google-chrome
2025-01-25 04:44:50,574 - INFO - Driver [C:\Users\Xeon Gaming\.wdm\drivers\chromedriver\win64\132.0.6834.110\chromedriver-win32/chromedriver.exe] found in cache
2025-01-25 04:44:51,119 - INFO - WebDriver\u521d\u59cb\u5316\u6210\u529f\uff0c\u5df2\u5bfc\u822a\u5230WhatsApp Web
2025-01-25 04:44:51,151 - WARNING -  * Debugger is active!
2025-01-25 04:44:51,155 - INFO -  * Debugger PIN: 100-463-617
2025-01-25 04:44:51,365 - INFO - \u6b63\u5728\u521d\u59cb\u5316Chrome WebDriver...
2025-01-25 04:44:51,366 - INFO - ====== WebDriver manager ======
2025-01-25 04:44:51,950 - INFO - WebDriver\u521d\u59cb\u5316\u6210\u529f\uff0c\u5df2\u5bfc\u822a\u5230WhatsApp Web
2025-01-25 04:44:51,994 - WARNING -  * Debugger is active!
2025-01-25 04:44:51,998 - INFO -  * Debugger PIN: 100-463-617
2025-01-25 04:44:52,498 - INFO - Get LATEST chromedriver version for google-chrome
2025-01-25 04:44:52,520 - INFO - Get LATEST chromedriver version for google-chrome
2025-01-25 04:44:52,541 - INFO - Driver [C:\Users\Xeon Gaming\.wdm\drivers\chromedriver\win64\132.0.6834.110\chromedriver-win32/chromedriver.exe] found in cache
2025-01-25 04:44:55,822 - INFO - WebDriver\u521d\u59cb\u5316\u6210\u529f\uff0c\u5df2\u5bfc\u822a\u5230WhatsApp Web
2025-01-25 04:44:55,868 - INFO - [31m[1mWARNING: This is a development server. Do not use it in a production deployment. Use a production WSGI server instead.[0m
 * Running on all addresses (0.0.0.0)
 * Running on http://127.0.0.1:5000
 * Running on http://192.168.101.27:5000
2025-01-25 04:44:55,868 - INFO - [33mPress CTRL+C to quit[0m
2025-01-25 04:44:55,870 - INFO -  * Restarting with stat
2025-01-25 04:44:57,661 - INFO - \u68c0\u6d4b\u5230\u6b63\u5728\u8fd0\u884c\u7684Chrome\u5b9e\u4f8b\uff0c\u5c1d\u8bd5\u8fde\u63a5...
2025-01-25 04:44:57,661 - INFO - ====== WebDriver manager ======
2025-01-25 04:44:58,811 - INFO - Get LATEST chromedriver version for google-chrome
2025-01-25 04:44:58,843 - INFO - Get LATEST chromedriver version for google-chrome
2025-01-25 04:44:58,867 - INFO - Driver [C:\Users\Xeon Gaming\.wdm\drivers\chromedriver\win64\132.0.6834.110\chromedriver-win32/chromedriver.exe] found in cache
2025-01-25 04:44:59,395 - INFO - \u6b63\u5728\u521d\u59cb\u5316Chrome WebDriver...
2025-01-25 04:44:59,395 - INFO - ====== WebDriver manager ======
2025-01-25 04:45:00,465 - INFO - Get LATEST chromedriver version for google-chrome
2025-01-25 04:45:00,486 - INFO - Get LATEST chromedriver version for google-chrome
2025-01-25 04:45:00,507 - INFO - Driver [C:\Users\Xeon Gaming\.wdm\drivers\chromedriver\win64\132.0.6834.110\chromedriver-win32/chromedriver.exe] found in cache
2025-01-25 04:45:10,722 - INFO - WebDriver\u521d\u59cb\u5316\u6210\u529f\uff0c\u5df2\u5bfc\u822a\u5230WhatsApp Web
2025-01-25 04:45:10,792 - WARNING -  * Debugger is active!
2025-01-25 04:45:10,798 - INFO -  * Debugger PIN: 100-463-617
2025-01-25 04:46:38,452 - INFO -  * Detected change in 'C:\\Users\\Xeon Gaming\\Desktop\\system_x\\app.py', reloading
2025-01-25 04:46:38,578 - INFO -  * Restarting with stat
2025-01-25 04:46:38,610 - INFO -  * Detected change in 'C:\\Users\\Xeon Gaming\\Desktop\\system_x\\app.py', reloading
2025-01-25 04:46:38,712 - INFO -  * Restarting with stat
2025-01-25 04:46:38,905 - INFO -  * Detected change in 'C:\\Users\\Xeon Gaming\\Desktop\\system_x\\app.py', reloading
2025-01-25 04:46:39,124 - INFO -  * Restarting with stat
2025-01-25 04:46:40,453 - INFO - \u68c0\u6d4b\u5230\u6b63\u5728\u8fd0\u884c\u7684Chrome\u5b9e\u4f8b\uff0c\u5c1d\u8bd5\u8fde\u63a5...
2025-01-25 04:46:40,454 - INFO - ====== WebDriver manager ======
2025-01-25 04:46:40,643 - INFO - \u68c0\u6d4b\u5230\u6b63\u5728\u8fd0\u884c\u7684Chrome\u5b9e\u4f8b\uff0c\u5c1d\u8bd5\u8fde\u63a5...
2025-01-25 04:46:40,643 - INFO - ====== WebDriver manager ======
2025-01-25 04:46:40,990 - INFO - \u68c0\u6d4b\u5230\u6b63\u5728\u8fd0\u884c\u7684Chrome\u5b9e\u4f8b\uff0c\u5c1d\u8bd5\u8fde\u63a5...
2025-01-25 04:46:40,991 - INFO - ====== WebDriver manager ======
2025-01-25 04:46:42,110 - INFO - Get LATEST chromedriver version for google-chrome
2025-01-25 04:46:42,148 - INFO - Get LATEST chromedriver version for google-chrome
2025-01-25 04:46:42,182 - INFO - Driver [C:\Users\Xeon Gaming\.wdm\drivers\chromedriver\win64\132.0.6834.110\chromedriver-win32/chromedriver.exe] found in cache
2025-01-25 04:46:42,353 - INFO - Get LATEST chromedriver version for google-chrome
2025-01-25 04:46:42,384 - INFO - Get LATEST chromedriver version for google-chrome
2025-01-25 04:46:42,410 - INFO - Driver [C:\Users\Xeon Gaming\.wdm\drivers\chromedriver\win64\132.0.6834.110\chromedriver-win32/chromedriver.exe] found in cache
2025-01-25 04:46:42,595 - INFO - Get LATEST chromedriver version for google-chrome
2025-01-25 04:46:42,621 - INFO - Get LATEST chromedriver version for google-chrome
2025-01-25 04:46:42,645 - INFO - Driver [C:\Users\Xeon Gaming\.wdm\drivers\chromedriver\win64\132.0.6834.110\chromedriver-win32/chromedriver.exe] found in cache
2025-01-25 04:46:42,712 - INFO - \u6b63\u5728\u521d\u59cb\u5316Chrome WebDriver...
2025-01-25 04:46:42,713 - INFO - ====== WebDriver manager ======
2025-01-25 04:46:42,946 - INFO - \u6b63\u5728\u521d\u59cb\u5316Chrome WebDriver...
2025-01-25 04:46:42,946 - INFO - ====== WebDriver manager ======
2025-01-25 04:46:43,198 - INFO - \u6b63\u5728\u521d\u59cb\u5316Chrome WebDriver...
2025-01-25 04:46:43,198 - INFO - ====== WebDriver manager ======
2025-01-25 04:46:44,389 - INFO - Get LATEST chromedriver version for google-chrome
2025-01-25 04:46:44,416 - INFO - Get LATEST chromedriver version for google-chrome
2025-01-25 04:46:44,445 - INFO - Driver [C:\Users\Xeon Gaming\.wdm\drivers\chromedriver\win64\132.0.6834.110\chromedriver-win32/chromedriver.exe] found in cache
2025-01-25 04:46:44,797 - INFO - Get LATEST chromedriver version for google-chrome
2025-01-25 04:46:44,817 - INFO - Get LATEST chromedriver version for google-chrome
2025-01-25 04:46:44,836 - INFO - Driver [C:\Users\Xeon Gaming\.wdm\drivers\chromedriver\win64\132.0.6834.110\chromedriver-win32/chromedriver.exe] found in cache
2025-01-25 04:46:44,938 - INFO - Get LATEST chromedriver version for google-chrome
2025-01-25 04:46:44,959 - INFO - Get LATEST chromedriver version for google-chrome
2025-01-25 04:46:44,978 - INFO - Driver [C:\Users\Xeon Gaming\.wdm\drivers\chromedriver\win64\132.0.6834.110\chromedriver-win32/chromedriver.exe] found in cache
2025-01-25 04:46:45,616 - INFO - \u68c0\u6d4b\u5230\u6b63\u5728\u8fd0\u884c\u7684Chrome\u5b9e\u4f8b\uff0c\u5c1d\u8bd5\u8fde\u63a5...
2025-01-25 04:46:45,616 - INFO - ====== WebDriver manager ======
2025-01-25 04:46:46,827 - INFO - Get LATEST chromedriver version for google-chrome
2025-01-25 04:46:46,855 - INFO - Get LATEST chromedriver version for google-chrome
2025-01-25 04:46:46,878 - INFO - Driver [C:\Users\Xeon Gaming\.wdm\drivers\chromedriver\win64\132.0.6834.110\chromedriver-win32/chromedriver.exe] found in cache
2025-01-25 04:46:47,508 - INFO - \u6b63\u5728\u521d\u59cb\u5316Chrome WebDriver...
2025-01-25 04:46:47,509 - INFO - ====== WebDriver manager ======
2025-01-25 04:46:48,130 - INFO - WebDriver\u521d\u59cb\u5316\u6210\u529f\uff0c\u5df2\u5bfc\u822a\u5230WhatsApp Web
2025-01-25 04:46:48,179 - WARNING -  * Debugger is active!
2025-01-25 04:46:48,186 - INFO -  * Debugger PIN: 100-463-617
2025-01-25 04:46:48,521 - INFO - WebDriver\u521d\u59cb\u5316\u6210\u529f\uff0c\u5df2\u5bfc\u822a\u5230WhatsApp Web
2025-01-25 04:46:48,567 - WARNING -  * Debugger is active!
2025-01-25 04:46:48,575 - INFO -  * Debugger PIN: 100-463-617
2025-01-25 04:46:49,001 - INFO - WebDriver\u521d\u59cb\u5316\u6210\u529f\uff0c\u5df2\u5bfc\u822a\u5230WhatsApp Web
2025-01-25 04:46:49,016 - INFO - Get LATEST chromedriver version for google-chrome
2025-01-25 04:46:49,036 - WARNING -  * Debugger is active!
2025-01-25 04:46:49,039 - INFO - Get LATEST chromedriver version for google-chrome
2025-01-25 04:46:49,041 - INFO -  * Debugger PIN: 100-463-617
2025-01-25 04:46:49,062 - INFO - Driver [C:\Users\Xeon Gaming\.wdm\drivers\chromedriver\win64\132.0.6834.110\chromedriver-win32/chromedriver.exe] found in cache
2025-01-25 04:46:52,966 - INFO - WebDriver\u521d\u59cb\u5316\u6210\u529f\uff0c\u5df2\u5bfc\u822a\u5230WhatsApp Web
2025-01-25 04:46:53,010 - INFO - [31m[1mWARNING: This is a development server. Do not use it in a production deployment. Use a production WSGI server instead.[0m
 * Running on all addresses (0.0.0.0)
 * Running on http://127.0.0.1:5000
 * Running on http://192.168.101.27:5000
2025-01-25 04:46:53,010 - INFO - [33mPress CTRL+C to quit[0m
2025-01-25 04:46:53,012 - INFO -  * Restarting with stat
2025-01-25 04:46:54,623 - INFO - \u68c0\u6d4b\u5230\u6b63\u5728\u8fd0\u884c\u7684Chrome\u5b9e\u4f8b\uff0c\u5c1d\u8bd5\u8fde\u63a5...
2025-01-25 04:46:54,623 - INFO - ====== WebDriver manager ======
2025-01-25 04:46:55,740 - INFO - Get LATEST chromedriver version for google-chrome
2025-01-25 04:46:55,771 - INFO - Get LATEST chromedriver version for google-chrome
2025-01-25 04:46:55,791 - INFO - Driver [C:\Users\Xeon Gaming\.wdm\drivers\chromedriver\win64\132.0.6834.110\chromedriver-win32/chromedriver.exe] found in cache
2025-01-25 04:46:56,328 - INFO - \u6b63\u5728\u521d\u59cb\u5316Chrome WebDriver...
2025-01-25 04:46:56,328 - INFO - ====== WebDriver manager ======
2025-01-25 04:46:57,465 - INFO - Get LATEST chromedriver version for google-chrome
2025-01-25 04:46:57,484 - INFO - Get LATEST chromedriver version for google-chrome
2025-01-25 04:46:57,503 - INFO - Driver [C:\Users\Xeon Gaming\.wdm\drivers\chromedriver\win64\132.0.6834.110\chromedriver-win32/chromedriver.exe] found in cache
2025-01-25 04:47:06,080 - INFO - WebDriver\u521d\u59cb\u5316\u6210\u529f\uff0c\u5df2\u5bfc\u822a\u5230WhatsApp Web
2025-01-25 04:47:06,128 - WARNING -  * Debugger is active!
2025-01-25 04:47:06,136 - INFO -  * Debugger PIN: 100-463-617
2025-01-25 04:54:10,926 - INFO -  * Detected change in 'C:\\Users\\Xeon Gaming\\Desktop\\system_x\\app.py', reloading
2025-01-25 04:54:11,015 - INFO -  * Restarting with stat
2025-01-25 04:54:11,048 - INFO -  * Detected change in 'C:\\Users\\Xeon Gaming\\Desktop\\system_x\\app.py', reloading
2025-01-25 04:54:11,186 - INFO -  * Restarting with stat
2025-01-25 04:54:11,369 - INFO -  * Detected change in 'C:\\Users\\Xeon Gaming\\Desktop\\system_x\\app.py', reloading
2025-01-25 04:54:11,479 - INFO -  * Restarting with stat
2025-01-25 04:54:11,544 - INFO -  * Detected change in 'C:\\Users\\Xeon Gaming\\Desktop\\system_x\\app.py', reloading
2025-01-25 04:54:11,708 - INFO -  * Restarting with stat
2025-01-25 04:54:12,948 - WARNING -  * Debugger is active!
2025-01-25 04:54:12,984 - INFO -  * Debugger PIN: 100-463-617
2025-01-25 04:54:13,118 - WARNING -  * Debugger is active!
2025-01-25 04:54:13,123 - INFO -  * Debugger PIN: 100-463-617
2025-01-25 04:54:13,343 - WARNING -  * Debugger is active!
2025-01-25 04:54:13,349 - INFO -  * Debugger PIN: 100-463-617
2025-01-25 04:54:13,443 - WARNING -  * Debugger is active!
2025-01-25 04:54:13,448 - INFO -  * Debugger PIN: 100-463-617
2025-01-25 04:54:25,238 - INFO -  * Detected change in 'C:\\Users\\Xeon Gaming\\Desktop\\system_x\\app.py', reloading
2025-01-25 04:54:25,297 - INFO -  * Detected change in 'C:\\Users\\Xeon Gaming\\Desktop\\system_x\\app.py', reloading
2025-01-25 04:54:25,341 - INFO -  * Restarting with stat
2025-01-25 04:54:25,394 - INFO -  * Restarting with stat
2025-01-25 04:54:25,608 - INFO -  * Detected change in 'C:\\Users\\Xeon Gaming\\Desktop\\system_x\\app.py', reloading
2025-01-25 04:54:25,660 - INFO -  * Detected change in 'C:\\Users\\Xeon Gaming\\Desktop\\system_x\\app.py', reloading
2025-01-25 04:54:25,864 - INFO -  * Restarting with stat
2025-01-25 04:54:25,875 - INFO -  * Restarting with stat
2025-01-25 04:54:27,570 - WARNING -  * Debugger is active!
2025-01-25 04:54:27,577 - INFO -  * Debugger PIN: 100-463-617
2025-01-25 04:54:27,616 - WARNING -  * Debugger is active!
2025-01-25 04:54:27,621 - INFO -  * Debugger PIN: 100-463-617
2025-01-25 04:54:27,686 - WARNING -  * Debugger is active!
2025-01-25 04:54:27,687 - WARNING -  * Debugger is active!
2025-01-25 04:54:27,692 - INFO -  * Debugger PIN: 100-463-617
2025-01-25 04:54:27,692 - INFO -  * Debugger PIN: 100-463-617
2025-01-25 04:56:53,921 - INFO - [31m[1mWARNING: This is a development server. Do not use it in a production deployment. Use a production WSGI server instead.[0m
 * Running on all addresses (0.0.0.0)
 * Running on http://127.0.0.1:5000
 * Running on http://192.168.101.27:5000
2025-01-25 04:56:53,921 - INFO - [33mPress CTRL+C to quit[0m
2025-01-25 04:56:53,924 - INFO -  * Restarting with stat
2025-01-25 04:56:55,356 - WARNING -  * Debugger is active!
2025-01-25 04:56:55,361 - INFO -  * Debugger PIN: 100-463-617
2025-01-25 05:04:45,639 - INFO -  * Detected change in 'C:\\Users\\Xeon Gaming\\Desktop\\system_x\\database\\db.py', reloading
2025-01-25 05:04:45,639 - INFO -  * Detected change in 'C:\\Users\\Xeon Gaming\\Desktop\\system_x\\database\\db.py', reloading
2025-01-25 05:04:45,754 - INFO -  * Restarting with stat
2025-01-25 05:04:45,761 - INFO -  * Restarting with stat
2025-01-25 05:04:46,000 - INFO -  * Detected change in 'C:\\Users\\Xeon Gaming\\Desktop\\system_x\\database\\db.py', reloading
2025-01-25 05:04:46,000 - INFO -  * Detected change in 'C:\\Users\\Xeon Gaming\\Desktop\\system_x\\database\\db.py', reloading
2025-01-25 05:04:46,137 - INFO -  * Restarting with stat
2025-01-25 05:04:46,148 - INFO -  * Restarting with stat
2025-01-25 05:04:46,253 - INFO -  * Detected change in 'C:\\Users\\Xeon Gaming\\Desktop\\system_x\\database\\db.py', reloading
2025-01-25 05:04:46,386 - INFO -  * Restarting with stat
